

Started GET "/" for ::1 at 2015-03-25 19:03:53 -0700

Gem::LoadError (Specified 'mysql' for database adapter, but the gem is not loaded. Add `gem 'mysql'` to your Gemfile (and ensure its version is at the minimum required by ActiveRecord).):
  activerecord (4.2.0) lib/active_record/connection_adapters/connection_specification.rb:177:in `rescue in spec'
  activerecord (4.2.0) lib/active_record/connection_adapters/connection_specification.rb:174:in `spec'
  activerecord (4.2.0) lib/active_record/connection_handling.rb:50:in `establish_connection'
  activerecord (4.2.0) lib/active_record/railtie.rb:120:in `block (2 levels) in <class:Railtie>'
  activesupport (4.2.0) lib/active_support/lazy_load_hooks.rb:38:in `instance_eval'
  activesupport (4.2.0) lib/active_support/lazy_load_hooks.rb:38:in `execute_hook'
  activesupport (4.2.0) lib/active_support/lazy_load_hooks.rb:45:in `block in run_load_hooks'
  activesupport (4.2.0) lib/active_support/lazy_load_hooks.rb:44:in `each'
  activesupport (4.2.0) lib/active_support/lazy_load_hooks.rb:44:in `run_load_hooks'
  activerecord (4.2.0) lib/active_record/base.rb:316:in `<module:ActiveRecord>'
  activerecord (4.2.0) lib/active_record/base.rb:26:in `<top (required)>'
  activerecord (4.2.0) lib/active_record/migration.rb:384:in `connection'
  activerecord (4.2.0) lib/active_record/migration.rb:371:in `call'
  actionpack (4.2.0) lib/action_dispatch/middleware/callbacks.rb:29:in `block in call'
  activesupport (4.2.0) lib/active_support/callbacks.rb:88:in `call'
  activesupport (4.2.0) lib/active_support/callbacks.rb:88:in `_run_callbacks'
  activesupport (4.2.0) lib/active_support/callbacks.rb:734:in `_run_call_callbacks'
  activesupport (4.2.0) lib/active_support/callbacks.rb:81:in `run_callbacks'
  actionpack (4.2.0) lib/action_dispatch/middleware/callbacks.rb:27:in `call'
  actionpack (4.2.0) lib/action_dispatch/middleware/reloader.rb:73:in `call'
  actionpack (4.2.0) lib/action_dispatch/middleware/remote_ip.rb:78:in `call'
  actionpack (4.2.0) lib/action_dispatch/middleware/debug_exceptions.rb:17:in `call'
  web-console (2.1.2) lib/web_console/middleware.rb:37:in `call'
  actionpack (4.2.0) lib/action_dispatch/middleware/show_exceptions.rb:30:in `call'
  railties (4.2.0) lib/rails/rack/logger.rb:38:in `call_app'
  railties (4.2.0) lib/rails/rack/logger.rb:20:in `block in call'
  activesupport (4.2.0) lib/active_support/tagged_logging.rb:68:in `block in tagged'
  activesupport (4.2.0) lib/active_support/tagged_logging.rb:26:in `tagged'
  activesupport (4.2.0) lib/active_support/tagged_logging.rb:68:in `tagged'
  railties (4.2.0) lib/rails/rack/logger.rb:20:in `call'
  actionpack (4.2.0) lib/action_dispatch/middleware/request_id.rb:21:in `call'
  rack (1.6.0) lib/rack/methodoverride.rb:22:in `call'
  rack (1.6.0) lib/rack/runtime.rb:18:in `call'
  activesupport (4.2.0) lib/active_support/cache/strategy/local_cache_middleware.rb:28:in `call'
  rack (1.6.0) lib/rack/lock.rb:17:in `call'
  actionpack (4.2.0) lib/action_dispatch/middleware/static.rb:113:in `call'
  rack (1.6.0) lib/rack/sendfile.rb:113:in `call'
  railties (4.2.0) lib/rails/engine.rb:518:in `call'
  railties (4.2.0) lib/rails/application.rb:164:in `call'
  rack (1.6.0) lib/rack/lock.rb:17:in `call'
  rack (1.6.0) lib/rack/content_length.rb:15:in `call'
  rack (1.6.0) lib/rack/handler/webrick.rb:89:in `service'
  /home/pmgagin/.rvm/rubies/ruby-2.2.0/lib/ruby/2.2.0/webrick/httpserver.rb:138:in `service'
  /home/pmgagin/.rvm/rubies/ruby-2.2.0/lib/ruby/2.2.0/webrick/httpserver.rb:94:in `run'
  /home/pmgagin/.rvm/rubies/ruby-2.2.0/lib/ruby/2.2.0/webrick/server.rb:294:in `block in start_thread'


  Rendered /home/pmgagin/.rvm/gems/ruby-2.2.0/gems/actionpack-4.2.0/lib/action_dispatch/middleware/templates/rescues/_source.erb (5.5ms)
  Rendered /home/pmgagin/.rvm/gems/ruby-2.2.0/gems/actionpack-4.2.0/lib/action_dispatch/middleware/templates/rescues/_trace.html.erb (3.1ms)
  Rendered /home/pmgagin/.rvm/gems/ruby-2.2.0/gems/actionpack-4.2.0/lib/action_dispatch/middleware/templates/rescues/_request_and_response.html.erb (1.5ms)
  Rendered /home/pmgagin/.rvm/gems/ruby-2.2.0/gems/actionpack-4.2.0/lib/action_dispatch/middleware/templates/rescues/diagnostics.html.erb within rescues/layout (40.8ms)
  Rendered /home/pmgagin/.rvm/gems/ruby-2.2.0/gems/web-console-2.1.2/lib/web_console/templates/_markup.html.erb (1.1ms)
  Rendered /home/pmgagin/.rvm/gems/ruby-2.2.0/gems/web-console-2.1.2/lib/web_console/templates/style.css.erb within layouts/inlined_string (0.8ms)
  Rendered /home/pmgagin/.rvm/gems/ruby-2.2.0/gems/web-console-2.1.2/lib/web_console/templates/_inner_console_markup.html.erb within layouts/inlined_string (0.6ms)
  Rendered /home/pmgagin/.rvm/gems/ruby-2.2.0/gems/web-console-2.1.2/lib/web_console/templates/_prompt_box_markup.html.erb within layouts/inlined_string (0.9ms)
  Rendered /home/pmgagin/.rvm/gems/ruby-2.2.0/gems/web-console-2.1.2/lib/web_console/templates/console.js.erb within layouts/javascript (36.7ms)
  Rendered /home/pmgagin/.rvm/gems/ruby-2.2.0/gems/web-console-2.1.2/lib/web_console/templates/main.js.erb within layouts/javascript (0.6ms)
  Rendered /home/pmgagin/.rvm/gems/ruby-2.2.0/gems/web-console-2.1.2/lib/web_console/templates/error_page.js.erb within layouts/javascript (0.9ms)
  Rendered /home/pmgagin/.rvm/gems/ruby-2.2.0/gems/web-console-2.1.2/lib/web_console/templates/index.html.erb (85.7ms)


Started GET "/" for ::1 at 2015-03-25 19:04:23 -0700
Processing by Rails::WelcomeController#index as HTML
  Rendered /home/pmgagin/.rvm/gems/ruby-2.2.0/gems/railties-4.2.0/lib/rails/templates/rails/welcome/index.html.erb (1.1ms)
Completed 200 OK in 33ms (Views: 8.3ms | ActiveRecord: 0.0ms)


Started GET "/" for ::1 at 2015-03-25 19:52:16 -0700
Processing by Rails::WelcomeController#index as HTML
  Rendered /home/pmgagin/.rvm/gems/ruby-2.2.0/gems/railties-4.2.0/lib/rails/templates/rails/welcome/index.html.erb (0.1ms)
Completed 200 OK in 24ms (Views: 23.2ms | ActiveRecord: 0.0ms)


Started GET "/" for ::1 at 2015-03-26 00:41:32 -0700
Processing by Rails::WelcomeController#index as HTML
  Rendered /home/pmgagin/.rvm/gems/ruby-2.2.0/gems/railties-4.2.0/lib/rails/templates/rails/welcome/index.html.erb (7.6ms)
Completed 200 OK in 94ms (Views: 60.6ms | ActiveRecord: 0.0ms)
  [1m[36m (677.5ms)[0m  [1mCREATE TABLE `schema_migrations` (`version` varchar(255) NOT NULL) ENGINE=InnoDB[0m
  [1m[35m (460.3ms)[0m  CREATE UNIQUE INDEX `unique_schema_migrations`  ON `schema_migrations` (`version`) 
  [1m[36mActiveRecord::SchemaMigration Load (20.9ms)[0m  [1mSELECT `schema_migrations`.* FROM `schema_migrations`[0m
Migrating to CreateUsers (20150326074211)
  [1m[35m (214.3ms)[0m  CREATE TABLE `users` (`id` int(11) auto_increment PRIMARY KEY, `name` varchar(255), `email` varchar(255), `created_at` datetime NOT NULL, `updated_at` datetime NOT NULL) ENGINE=InnoDB
  [1m[36mSQL (0.2ms)[0m  [1mBEGIN[0m
  [1m[35mSQL (84.2ms)[0m  INSERT INTO `schema_migrations` (`version`) VALUES (?)  [["version", "20150326074211"]]
  [1m[36m (81.6ms)[0m  [1mCOMMIT[0m
  [1m[35mActiveRecord::SchemaMigration Load (0.5ms)[0m  SELECT `schema_migrations`.* FROM `schema_migrations`
  [1m[36m (15.0ms)[0m  [1mSELECT fk.referenced_table_name as 'to_table'
      ,fk.referenced_column_name as 'primary_key'
      ,fk.column_name as 'column'
      ,fk.constraint_name as 'name'
FROM information_schema.key_column_usage fk
WHERE fk.referenced_column_name is not null
  AND fk.table_schema = 'toy_app_development'
  AND fk.table_name = 'users'
[0m
  [1m[35m (0.4ms)[0m  SHOW CREATE TABLE `users`


Started GET "/" for ::1 at 2015-03-26 15:21:20 -0700
  [1m[36mActiveRecord::SchemaMigration Load (1.6ms)[0m  [1mSELECT `schema_migrations`.* FROM `schema_migrations`[0m
Processing by Rails::WelcomeController#index as HTML
  Rendered /home/pmgagin/.rvm/gems/ruby-2.2.0/gems/railties-4.2.0/lib/rails/templates/rails/welcome/index.html.erb (7.6ms)
Completed 200 OK in 103ms (Views: 60.6ms | ActiveRecord: 0.0ms)


Started GET "/" for ::1 at 2015-03-26 15:30:32 -0700
Processing by Rails::WelcomeController#index as HTML
  Rendered /home/pmgagin/.rvm/gems/ruby-2.2.0/gems/railties-4.2.0/lib/rails/templates/rails/welcome/index.html.erb (0.1ms)
Completed 200 OK in 3ms (Views: 1.9ms | ActiveRecord: 0.0ms)


Started GET "/" for ::1 at 2015-03-26 15:30:34 -0700
Processing by Rails::WelcomeController#index as HTML
  Rendered /home/pmgagin/.rvm/gems/ruby-2.2.0/gems/railties-4.2.0/lib/rails/templates/rails/welcome/index.html.erb (0.1ms)
Completed 200 OK in 3ms (Views: 2.0ms | ActiveRecord: 0.0ms)


Started GET "/users" for ::1 at 2015-03-26 15:44:17 -0700
Processing by UsersController#index as HTML
  [1m[35mUser Load (0.7ms)[0m  SELECT `users`.* FROM `users`
  Rendered users/index.html.erb within layouts/application (5.3ms)
Completed 200 OK in 3011ms (Views: 2952.4ms | ActiveRecord: 1.7ms)


Started GET "/assets/scaffolds-c5350a0b06b2055264474841764adf60.css?body=1" for ::1 at 2015-03-26 15:44:21 -0700


Started GET "/assets/application-61524d67267bd3c3400937eea1885d0a.css?body=1" for ::1 at 2015-03-26 15:44:21 -0700


Started GET "/assets/jquery_ujs-e27bd20a10d28155845a22d71ef94f2f.js?body=1" for ::1 at 2015-03-26 15:44:21 -0700


Started GET "/assets/jquery-87424c3c19e96d4fb033c10ebe21ec40.js?body=1" for ::1 at 2015-03-26 15:44:21 -0700


Started GET "/assets/turbolinks-f87b3583ca50adb0488b031297f5580d.js?body=1" for ::1 at 2015-03-26 15:44:21 -0700


Started GET "/assets/users-64e62ddc273c2f5847f30d698ca14b67.css?body=1" for ::1 at 2015-03-26 15:44:21 -0700


Started GET "/assets/users-fcec5b5a277ac7c20cc9f45a209a3bcd.js?body=1" for ::1 at 2015-03-26 15:44:21 -0700


Started GET "/assets/application-001948a807d6467a657420955d9f0c1c.js?body=1" for ::1 at 2015-03-26 15:44:21 -0700


Started GET "/users/new" for ::1 at 2015-03-26 15:45:15 -0700
Processing by UsersController#new as HTML
  Rendered users/_form.html.erb (153.4ms)
  Rendered users/new.html.erb within layouts/application (199.9ms)
Completed 200 OK in 358ms (Views: 346.5ms | ActiveRecord: 0.9ms)


Started POST "/users" for ::1 at 2015-03-26 15:45:26 -0700
Processing by UsersController#create as HTML
  Parameters: {"utf8"=>"✓", "authenticity_token"=>"a+hJCoosKciEx4BcpHIHBofhknR35EBhbQqbIliH41kw9bQIsRNFrEkgN7YfQVRXbjQzk13LpIkBBPM6PLc0ag==", "user"=>{"name"=>"Pavlo Gagin", "email"=>"p.m.hahin@hotmail.com"}, "commit"=>"Create User"}
  [1m[36mSQL (0.2ms)[0m  [1mBEGIN[0m
  [1m[35mSQL (180.8ms)[0m  INSERT INTO `users` (`name`, `email`, `created_at`, `updated_at`) VALUES (?, ?, ?, ?)  [["name", "Pavlo Gagin"], ["email", "p.m.hahin@hotmail.com"], ["created_at", "2015-03-26 22:45:26"], ["updated_at", "2015-03-26 22:45:26"]]
  [1m[36m (207.9ms)[0m  [1mCOMMIT[0m
Redirected to http://localhost:3000/users/1
Completed 302 Found in 400ms (ActiveRecord: 388.9ms)


Started GET "/users/1" for ::1 at 2015-03-26 15:45:27 -0700
Processing by UsersController#show as HTML
  Parameters: {"id"=>"1"}
  [1m[35mUser Load (3.8ms)[0m  SELECT  `users`.* FROM `users` WHERE `users`.`id` = ? LIMIT 1  [["id", 1]]
  Rendered users/show.html.erb within layouts/application (2.4ms)
Completed 200 OK in 230ms (Views: 165.4ms | ActiveRecord: 3.8ms)


Started GET "/users/1/edit" for ::1 at 2015-03-26 15:46:18 -0700
Processing by UsersController#edit as HTML
  Parameters: {"id"=>"1"}
  [1m[36mUser Load (1.9ms)[0m  [1mSELECT  `users`.* FROM `users` WHERE `users`.`id` = ? LIMIT 1[0m  [["id", 1]]
  Rendered users/_form.html.erb (5.2ms)
  Rendered users/edit.html.erb within layouts/application (7.7ms)
Completed 200 OK in 101ms (Views: 97.4ms | ActiveRecord: 1.9ms)


Started PATCH "/users/1" for ::1 at 2015-03-26 15:46:34 -0700
Processing by UsersController#update as HTML
  Parameters: {"utf8"=>"✓", "authenticity_token"=>"5QeO77GpkDrqkEBH0gsM1oo8AtG6sJddyDTQivSH97m+GnPtipb8Xid3961pOF+HY+mjNpCfc7WkOriSkLcgig==", "user"=>{"name"=>"Pavlo M Gagin", "email"=>"p.m.hahin@hotmail.com"}, "commit"=>"Update User", "id"=>"1"}
  [1m[35mUser Load (0.4ms)[0m  SELECT  `users`.* FROM `users` WHERE `users`.`id` = ? LIMIT 1  [["id", 1]]
  [1m[36mSQL (0.3ms)[0m  [1mBEGIN[0m
  [1m[35mSQL (248.5ms)[0m  UPDATE `users` SET `name` = ?, `updated_at` = ? WHERE `users`.`id` = ?  [["name", "Pavlo M Gagin"], ["updated_at", "2015-03-26 22:46:34"], ["id", 1]]
  [1m[36m (209.8ms)[0m  [1mCOMMIT[0m
Redirected to http://localhost:3000/users/1
Completed 302 Found in 469ms (ActiveRecord: 459.1ms)


Started GET "/users/1" for ::1 at 2015-03-26 15:46:34 -0700
Processing by UsersController#show as HTML
  Parameters: {"id"=>"1"}
  [1m[35mUser Load (0.5ms)[0m  SELECT  `users`.* FROM `users` WHERE `users`.`id` = ? LIMIT 1  [["id", 1]]
  Rendered users/show.html.erb within layouts/application (0.9ms)
Completed 200 OK in 83ms (Views: 80.9ms | ActiveRecord: 0.5ms)


Started GET "/users" for ::1 at 2015-03-26 15:46:50 -0700
Processing by UsersController#index as HTML
  [1m[36mUser Load (0.6ms)[0m  [1mSELECT `users`.* FROM `users`[0m
  Rendered users/index.html.erb within layouts/application (4.0ms)
Completed 200 OK in 99ms (Views: 97.8ms | ActiveRecord: 0.6ms)


Started GET "/" for ::1 at 2015-03-26 15:53:30 -0700
Processing by UsersController#index as HTML
  [1m[35mUser Load (0.4ms)[0m  SELECT `users`.* FROM `users`
  Rendered users/index.html.erb within layouts/application (12.0ms)
Completed 200 OK in 102ms (Views: 95.5ms | ActiveRecord: 2.3ms)


Started GET "/" for ::1 at 2015-03-26 15:53:32 -0700
Processing by UsersController#index as HTML
  [1m[36mUser Load (0.4ms)[0m  [1mSELECT `users`.* FROM `users`[0m
  Rendered users/index.html.erb within layouts/application (2.9ms)
Completed 200 OK in 104ms (Views: 101.6ms | ActiveRecord: 0.4ms)


Started GET "/assets/scaffolds-c5350a0b06b2055264474841764adf60.css?body=1" for ::1 at 2015-03-26 15:53:32 -0700


Started GET "/assets/users-64e62ddc273c2f5847f30d698ca14b67.css?body=1" for ::1 at 2015-03-26 15:53:32 -0700


Started GET "/assets/jquery_ujs-e27bd20a10d28155845a22d71ef94f2f.js?body=1" for ::1 at 2015-03-26 15:53:32 -0700


Started GET "/assets/jquery-87424c3c19e96d4fb033c10ebe21ec40.js?body=1" for ::1 at 2015-03-26 15:53:32 -0700


Started GET "/assets/turbolinks-f87b3583ca50adb0488b031297f5580d.js?body=1" for ::1 at 2015-03-26 15:53:32 -0700


Started GET "/assets/application-61524d67267bd3c3400937eea1885d0a.css?body=1" for ::1 at 2015-03-26 15:53:32 -0700


Started GET "/assets/users-fcec5b5a277ac7c20cc9f45a209a3bcd.js?body=1" for ::1 at 2015-03-26 15:53:32 -0700


Started GET "/assets/application-001948a807d6467a657420955d9f0c1c.js?body=1" for ::1 at 2015-03-26 15:53:32 -0700
  [1m[36mActiveRecord::SchemaMigration Load (2.1ms)[0m  [1mSELECT `schema_migrations`.* FROM `schema_migrations`[0m
Migrating to CreateMicroposts (20150326225448)
  [1m[35m (241.2ms)[0m  CREATE TABLE `microposts` (`id` int(11) auto_increment PRIMARY KEY, `content` text, `user_id` int(11), `created_at` datetime NOT NULL, `updated_at` datetime NOT NULL) ENGINE=InnoDB
  [1m[36mSQL (0.2ms)[0m  [1mBEGIN[0m
  [1m[35mSQL (0.8ms)[0m  INSERT INTO `schema_migrations` (`version`) VALUES (?)  [["version", "20150326225448"]]
  [1m[36m (69.4ms)[0m  [1mCOMMIT[0m
  [1m[35mActiveRecord::SchemaMigration Load (0.5ms)[0m  SELECT `schema_migrations`.* FROM `schema_migrations`
  [1m[36m (0.6ms)[0m  [1mSELECT fk.referenced_table_name as 'to_table'
      ,fk.referenced_column_name as 'primary_key'
      ,fk.column_name as 'column'
      ,fk.constraint_name as 'name'
FROM information_schema.key_column_usage fk
WHERE fk.referenced_column_name is not null
  AND fk.table_schema = 'toy_app_development'
  AND fk.table_name = 'microposts'
[0m
  [1m[35m (0.3ms)[0m  SHOW CREATE TABLE `microposts`
  [1m[36m (0.6ms)[0m  [1mSELECT fk.referenced_table_name as 'to_table'
      ,fk.referenced_column_name as 'primary_key'
      ,fk.column_name as 'column'
      ,fk.constraint_name as 'name'
FROM information_schema.key_column_usage fk
WHERE fk.referenced_column_name is not null
  AND fk.table_schema = 'toy_app_development'
  AND fk.table_name = 'users'
[0m
  [1m[35m (0.3ms)[0m  SHOW CREATE TABLE `users`


Started GET "/micropposts" for ::1 at 2015-03-26 15:57:29 -0700
  [1m[35mActiveRecord::SchemaMigration Load (0.3ms)[0m  SELECT `schema_migrations`.* FROM `schema_migrations`

ActionController::RoutingError (No route matches [GET] "/micropposts"):
  actionpack (4.2.0) lib/action_dispatch/middleware/debug_exceptions.rb:21:in `call'
  web-console (2.1.2) lib/web_console/middleware.rb:37:in `call'
  actionpack (4.2.0) lib/action_dispatch/middleware/show_exceptions.rb:30:in `call'
  railties (4.2.0) lib/rails/rack/logger.rb:38:in `call_app'
  railties (4.2.0) lib/rails/rack/logger.rb:20:in `block in call'
  activesupport (4.2.0) lib/active_support/tagged_logging.rb:68:in `block in tagged'
  activesupport (4.2.0) lib/active_support/tagged_logging.rb:26:in `tagged'
  activesupport (4.2.0) lib/active_support/tagged_logging.rb:68:in `tagged'
  railties (4.2.0) lib/rails/rack/logger.rb:20:in `call'
  actionpack (4.2.0) lib/action_dispatch/middleware/request_id.rb:21:in `call'
  rack (1.6.0) lib/rack/methodoverride.rb:22:in `call'
  rack (1.6.0) lib/rack/runtime.rb:18:in `call'
  activesupport (4.2.0) lib/active_support/cache/strategy/local_cache_middleware.rb:28:in `call'
  rack (1.6.0) lib/rack/lock.rb:17:in `call'
  actionpack (4.2.0) lib/action_dispatch/middleware/static.rb:113:in `call'
  rack (1.6.0) lib/rack/sendfile.rb:113:in `call'
  railties (4.2.0) lib/rails/engine.rb:518:in `call'
  railties (4.2.0) lib/rails/application.rb:164:in `call'
  rack (1.6.0) lib/rack/lock.rb:17:in `call'
  rack (1.6.0) lib/rack/content_length.rb:15:in `call'
  rack (1.6.0) lib/rack/handler/webrick.rb:89:in `service'
  /home/pmgagin/.rvm/rubies/ruby-2.2.0/lib/ruby/2.2.0/webrick/httpserver.rb:138:in `service'
  /home/pmgagin/.rvm/rubies/ruby-2.2.0/lib/ruby/2.2.0/webrick/httpserver.rb:94:in `run'
  /home/pmgagin/.rvm/rubies/ruby-2.2.0/lib/ruby/2.2.0/webrick/server.rb:294:in `block in start_thread'


  Rendered /home/pmgagin/.rvm/gems/ruby-2.2.0/gems/actionpack-4.2.0/lib/action_dispatch/middleware/templates/rescues/_trace.html.erb (2.8ms)
  Rendered /home/pmgagin/.rvm/gems/ruby-2.2.0/gems/actionpack-4.2.0/lib/action_dispatch/middleware/templates/routes/_route.html.erb (2.7ms)
  Rendered /home/pmgagin/.rvm/gems/ruby-2.2.0/gems/actionpack-4.2.0/lib/action_dispatch/middleware/templates/routes/_table.html.erb (11.8ms)
  Rendered /home/pmgagin/.rvm/gems/ruby-2.2.0/gems/actionpack-4.2.0/lib/action_dispatch/middleware/templates/rescues/_request_and_response.html.erb (2.2ms)
  Rendered /home/pmgagin/.rvm/gems/ruby-2.2.0/gems/actionpack-4.2.0/lib/action_dispatch/middleware/templates/rescues/routing_error.html.erb within rescues/layout (58.1ms)
  Rendered /home/pmgagin/.rvm/gems/ruby-2.2.0/gems/web-console-2.1.2/lib/web_console/templates/_markup.html.erb (0.7ms)
  Rendered /home/pmgagin/.rvm/gems/ruby-2.2.0/gems/web-console-2.1.2/lib/web_console/templates/style.css.erb within layouts/inlined_string (0.7ms)
  Rendered /home/pmgagin/.rvm/gems/ruby-2.2.0/gems/web-console-2.1.2/lib/web_console/templates/_inner_console_markup.html.erb within layouts/inlined_string (0.6ms)
  Rendered /home/pmgagin/.rvm/gems/ruby-2.2.0/gems/web-console-2.1.2/lib/web_console/templates/_prompt_box_markup.html.erb within layouts/inlined_string (0.6ms)
  Rendered /home/pmgagin/.rvm/gems/ruby-2.2.0/gems/web-console-2.1.2/lib/web_console/templates/console.js.erb within layouts/javascript (35.2ms)
  Rendered /home/pmgagin/.rvm/gems/ruby-2.2.0/gems/web-console-2.1.2/lib/web_console/templates/main.js.erb within layouts/javascript (1.0ms)
  Rendered /home/pmgagin/.rvm/gems/ruby-2.2.0/gems/web-console-2.1.2/lib/web_console/templates/error_page.js.erb within layouts/javascript (1.3ms)
  Rendered /home/pmgagin/.rvm/gems/ruby-2.2.0/gems/web-console-2.1.2/lib/web_console/templates/index.html.erb (71.3ms)


Started GET "/microposts" for ::1 at 2015-03-26 15:57:32 -0700
Processing by MicropostsController#index as HTML
  [1m[36mMicropost Load (0.6ms)[0m  [1mSELECT `microposts`.* FROM `microposts`[0m
  Rendered microposts/index.html.erb within layouts/application (5.2ms)
Completed 200 OK in 540ms (Views: 530.6ms | ActiveRecord: 1.7ms)


Started GET "/assets/microposts-64e62ddc273c2f5847f30d698ca14b67.css?body=1" for ::1 at 2015-03-26 15:57:32 -0700


Started GET "/assets/jquery-87424c3c19e96d4fb033c10ebe21ec40.js?body=1" for ::1 at 2015-03-26 15:57:32 -0700


Started GET "/assets/jquery_ujs-e27bd20a10d28155845a22d71ef94f2f.js?body=1" for ::1 at 2015-03-26 15:57:32 -0700


Started GET "/assets/turbolinks-f87b3583ca50adb0488b031297f5580d.js?body=1" for ::1 at 2015-03-26 15:57:32 -0700


Started GET "/assets/scaffolds-c5350a0b06b2055264474841764adf60.css?body=1" for ::1 at 2015-03-26 15:57:32 -0700


Started GET "/assets/users-64e62ddc273c2f5847f30d698ca14b67.css?body=1" for ::1 at 2015-03-26 15:57:32 -0700


Started GET "/assets/application-61524d67267bd3c3400937eea1885d0a.css?body=1" for ::1 at 2015-03-26 15:57:32 -0700


Started GET "/assets/microposts-fcec5b5a277ac7c20cc9f45a209a3bcd.js?body=1" for ::1 at 2015-03-26 15:57:32 -0700


Started GET "/assets/users-fcec5b5a277ac7c20cc9f45a209a3bcd.js?body=1" for ::1 at 2015-03-26 15:57:33 -0700


Started GET "/assets/application-d5dd9df895e734baa4e6c45e5b5415a9.js?body=1" for ::1 at 2015-03-26 15:57:33 -0700


Started GET "/microposts/new" for ::1 at 2015-03-26 15:57:34 -0700
Processing by MicropostsController#new as HTML
  Rendered microposts/_form.html.erb (53.0ms)
  Rendered microposts/new.html.erb within layouts/application (56.9ms)
Completed 200 OK in 195ms (Views: 177.0ms | ActiveRecord: 2.9ms)


Started POST "/microposts" for ::1 at 2015-03-26 15:58:02 -0700
Processing by MicropostsController#create as HTML
  Parameters: {"utf8"=>"✓", "authenticity_token"=>"Xuz7tFkNkPgjS9bH9icmo9M9w47H/ogz+iD2iBJT4QcF8Qa2YjL8nO6sYS1NFHXyOuhiae3RbNuWLp6QdmM2NA==", "micropost"=>{"content"=>"At this point, go ahead and create a micropost or two, taking care to make sure that at least one has a user_id of 1 to match the id of the first user created earlier.", "user_id"=>"1"}, "commit"=>"Create Micropost"}
  [1m[35mSQL (0.2ms)[0m  BEGIN
  [1m[36mSQL (16.6ms)[0m  [1mINSERT INTO `microposts` (`content`, `user_id`, `created_at`, `updated_at`) VALUES (?, ?, ?, ?)[0m  [["content", "At this point, go ahead and create a micropost or two, taking care to make sure that at least one has a user_id of 1 to match the id of the first user created earlier."], ["user_id", 1], ["created_at", "2015-03-26 22:58:02"], ["updated_at", "2015-03-26 22:58:02"]]
  [1m[35m (91.0ms)[0m  COMMIT
Redirected to http://localhost:3000/microposts/1
Completed 302 Found in 116ms (ActiveRecord: 107.8ms)


Started GET "/microposts/1" for ::1 at 2015-03-26 15:58:03 -0700
Processing by MicropostsController#show as HTML
  Parameters: {"id"=>"1"}
  [1m[36mMicropost Load (1.0ms)[0m  [1mSELECT  `microposts`.* FROM `microposts` WHERE `microposts`.`id` = ? LIMIT 1[0m  [["id", 1]]
  Rendered microposts/show.html.erb within layouts/application (2.3ms)
Completed 200 OK in 118ms (Views: 113.5ms | ActiveRecord: 1.0ms)


Started GET "/assets/scaffolds-c5350a0b06b2055264474841764adf60.css?body=1" for ::1 at 2015-03-26 15:58:03 -0700


Started GET "/assets/jquery_ujs-e27bd20a10d28155845a22d71ef94f2f.js?body=1" for ::1 at 2015-03-26 15:58:03 -0700


Started GET "/assets/application-61524d67267bd3c3400937eea1885d0a.css?body=1" for ::1 at 2015-03-26 15:58:03 -0700


Started GET "/assets/users-64e62ddc273c2f5847f30d698ca14b67.css?body=1" for ::1 at 2015-03-26 15:58:03 -0700


Started GET "/assets/turbolinks-f87b3583ca50adb0488b031297f5580d.js?body=1" for ::1 at 2015-03-26 15:58:03 -0700


Started GET "/assets/jquery-87424c3c19e96d4fb033c10ebe21ec40.js?body=1" for ::1 at 2015-03-26 15:58:03 -0700


Started GET "/assets/users-fcec5b5a277ac7c20cc9f45a209a3bcd.js?body=1" for ::1 at 2015-03-26 15:58:03 -0700


Started GET "/microposts" for ::1 at 2015-03-26 15:58:43 -0700
Processing by MicropostsController#index as HTML
  [1m[35mMicropost Load (0.6ms)[0m  SELECT `microposts`.* FROM `microposts`
  Rendered microposts/index.html.erb within layouts/application (3.8ms)
Completed 200 OK in 100ms (Views: 97.9ms | ActiveRecord: 0.6ms)


Started GET "/microposts/new" for ::1 at 2015-03-26 15:58:45 -0700
Processing by MicropostsController#new as HTML
  Rendered microposts/_form.html.erb (3.6ms)
  Rendered microposts/new.html.erb within layouts/application (5.2ms)
Completed 200 OK in 107ms (Views: 106.2ms | ActiveRecord: 0.0ms)


Started POST "/microposts" for ::1 at 2015-03-26 15:58:48 -0700
Processing by MicropostsController#create as HTML
  Parameters: {"utf8"=>"✓", "authenticity_token"=>"AVZNEWRNP+4UbEecKpXS0cSLQSXOYMuvT0fo+RSh+2haS7ATX3JTitmL8HaRpoGALV7gwuRPL0cjSYDhcJEsWw==", "micropost"=>{"content"=>"Any micropost worthy of the name should have some means of enforcing the length of the post. Implementing this constraint in Rails is easy with validations; to accept microposts with at most 140 characters (à la Twitter), we use a length validation.", "user_id"=>"1"}, "commit"=>"Create Micropost"}
  [1m[36mSQL (0.2ms)[0m  [1mBEGIN[0m
  [1m[35mSQL (246.9ms)[0m  INSERT INTO `microposts` (`content`, `user_id`, `created_at`, `updated_at`) VALUES (?, ?, ?, ?)  [["content", "Any micropost worthy of the name should have some means of enforcing the length of the post. Implementing this constraint in Rails is easy with validations; to accept microposts with at most 140 characters (à la Twitter), we use a length validation."], ["user_id", 1], ["created_at", "2015-03-26 22:58:48"], ["updated_at", "2015-03-26 22:58:48"]]
  [1m[36m (76.1ms)[0m  [1mCOMMIT[0m
Redirected to http://localhost:3000/microposts/2
Completed 302 Found in 331ms (ActiveRecord: 323.2ms)


Started GET "/microposts/2" for ::1 at 2015-03-26 15:58:49 -0700
Processing by MicropostsController#show as HTML
  Parameters: {"id"=>"2"}
  [1m[35mMicropost Load (0.6ms)[0m  SELECT  `microposts`.* FROM `microposts` WHERE `microposts`.`id` = ? LIMIT 1  [["id", 2]]
  Rendered microposts/show.html.erb within layouts/application (0.8ms)
Completed 200 OK in 104ms (Views: 101.9ms | ActiveRecord: 0.6ms)


Started GET "/assets/scaffolds-c5350a0b06b2055264474841764adf60.css?body=1" for ::1 at 2015-03-26 15:58:49 -0700


Started GET "/assets/turbolinks-f87b3583ca50adb0488b031297f5580d.js?body=1" for ::1 at 2015-03-26 15:58:49 -0700


Started GET "/assets/users-fcec5b5a277ac7c20cc9f45a209a3bcd.js?body=1" for ::1 at 2015-03-26 15:58:49 -0700


Started GET "/assets/application-61524d67267bd3c3400937eea1885d0a.css?body=1" for ::1 at 2015-03-26 15:58:49 -0700


Started GET "/assets/jquery_ujs-e27bd20a10d28155845a22d71ef94f2f.js?body=1" for ::1 at 2015-03-26 15:58:49 -0700


Started GET "/assets/jquery-87424c3c19e96d4fb033c10ebe21ec40.js?body=1" for ::1 at 2015-03-26 15:58:49 -0700


Started GET "/assets/users-64e62ddc273c2f5847f30d698ca14b67.css?body=1" for ::1 at 2015-03-26 15:58:49 -0700


Started GET "/microposts" for ::1 at 2015-03-26 15:58:54 -0700
Processing by MicropostsController#index as HTML
  [1m[36mMicropost Load (0.7ms)[0m  [1mSELECT `microposts`.* FROM `microposts`[0m
  Rendered microposts/index.html.erb within layouts/application (3.6ms)
Completed 200 OK in 107ms (Views: 105.4ms | ActiveRecord: 0.7ms)


Started GET "/microposts/new" for ::1 at 2015-03-26 16:01:10 -0700
Processing by MicropostsController#new as HTML
Completed 500 Internal Server Error in 5ms

ArgumentError (Range unspecified. Specify the :in, :within, :maximum, :minimum, or :is option.):
  app/models/micropost.rb:2:in `<class:Micropost>'
  app/models/micropost.rb:1:in `<top (required)>'
  app/controllers/microposts_controller.rb:17:in `new'


  Rendered /home/pmgagin/.rvm/gems/ruby-2.2.0/gems/actionpack-4.2.0/lib/action_dispatch/middleware/templates/rescues/_source.erb (14.0ms)
  Rendered /home/pmgagin/.rvm/gems/ruby-2.2.0/gems/actionpack-4.2.0/lib/action_dispatch/middleware/templates/rescues/_trace.html.erb (6.3ms)
  Rendered /home/pmgagin/.rvm/gems/ruby-2.2.0/gems/actionpack-4.2.0/lib/action_dispatch/middleware/templates/rescues/_request_and_response.html.erb (1.8ms)
  Rendered /home/pmgagin/.rvm/gems/ruby-2.2.0/gems/actionpack-4.2.0/lib/action_dispatch/middleware/templates/rescues/diagnostics.html.erb within rescues/layout (46.7ms)
  Rendered /home/pmgagin/.rvm/gems/ruby-2.2.0/gems/web-console-2.1.2/lib/web_console/templates/_markup.html.erb (0.9ms)
  Rendered /home/pmgagin/.rvm/gems/ruby-2.2.0/gems/web-console-2.1.2/lib/web_console/templates/style.css.erb within layouts/inlined_string (0.9ms)
  Rendered /home/pmgagin/.rvm/gems/ruby-2.2.0/gems/web-console-2.1.2/lib/web_console/templates/_inner_console_markup.html.erb within layouts/inlined_string (1.1ms)
  Rendered /home/pmgagin/.rvm/gems/ruby-2.2.0/gems/web-console-2.1.2/lib/web_console/templates/_prompt_box_markup.html.erb within layouts/inlined_string (0.8ms)
  Rendered /home/pmgagin/.rvm/gems/ruby-2.2.0/gems/web-console-2.1.2/lib/web_console/templates/console.js.erb within layouts/javascript (32.2ms)
  Rendered /home/pmgagin/.rvm/gems/ruby-2.2.0/gems/web-console-2.1.2/lib/web_console/templates/main.js.erb within layouts/javascript (0.8ms)
  Rendered /home/pmgagin/.rvm/gems/ruby-2.2.0/gems/web-console-2.1.2/lib/web_console/templates/error_page.js.erb within layouts/javascript (1.0ms)
  Rendered /home/pmgagin/.rvm/gems/ruby-2.2.0/gems/web-console-2.1.2/lib/web_console/templates/index.html.erb (62.0ms)


Started GET "/microposts/new" for ::1 at 2015-03-26 16:01:12 -0700
Processing by MicropostsController#new as HTML
Completed 500 Internal Server Error in 9ms

ArgumentError (Range unspecified. Specify the :in, :within, :maximum, :minimum, or :is option.):
  app/models/micropost.rb:2:in `<class:Micropost>'
  app/models/micropost.rb:1:in `<top (required)>'
  app/controllers/microposts_controller.rb:17:in `new'


  Rendered /home/pmgagin/.rvm/gems/ruby-2.2.0/gems/actionpack-4.2.0/lib/action_dispatch/middleware/templates/rescues/_source.erb (12.6ms)
  Rendered /home/pmgagin/.rvm/gems/ruby-2.2.0/gems/actionpack-4.2.0/lib/action_dispatch/middleware/templates/rescues/_trace.html.erb (5.9ms)
  Rendered /home/pmgagin/.rvm/gems/ruby-2.2.0/gems/actionpack-4.2.0/lib/action_dispatch/middleware/templates/rescues/_request_and_response.html.erb (1.8ms)
  Rendered /home/pmgagin/.rvm/gems/ruby-2.2.0/gems/actionpack-4.2.0/lib/action_dispatch/middleware/templates/rescues/diagnostics.html.erb within rescues/layout (41.8ms)
  Rendered /home/pmgagin/.rvm/gems/ruby-2.2.0/gems/web-console-2.1.2/lib/web_console/templates/_markup.html.erb (0.8ms)
  Rendered /home/pmgagin/.rvm/gems/ruby-2.2.0/gems/web-console-2.1.2/lib/web_console/templates/style.css.erb within layouts/inlined_string (0.7ms)
  Rendered /home/pmgagin/.rvm/gems/ruby-2.2.0/gems/web-console-2.1.2/lib/web_console/templates/_inner_console_markup.html.erb within layouts/inlined_string (0.6ms)
  Rendered /home/pmgagin/.rvm/gems/ruby-2.2.0/gems/web-console-2.1.2/lib/web_console/templates/_prompt_box_markup.html.erb within layouts/inlined_string (0.6ms)
  Rendered /home/pmgagin/.rvm/gems/ruby-2.2.0/gems/web-console-2.1.2/lib/web_console/templates/console.js.erb within layouts/javascript (25.6ms)
  Rendered /home/pmgagin/.rvm/gems/ruby-2.2.0/gems/web-console-2.1.2/lib/web_console/templates/main.js.erb within layouts/javascript (0.7ms)
  Rendered /home/pmgagin/.rvm/gems/ruby-2.2.0/gems/web-console-2.1.2/lib/web_console/templates/error_page.js.erb within layouts/javascript (0.8ms)
  Rendered /home/pmgagin/.rvm/gems/ruby-2.2.0/gems/web-console-2.1.2/lib/web_console/templates/index.html.erb (52.1ms)


Started GET "/microposts/new" for ::1 at 2015-03-26 16:01:37 -0700
Processing by MicropostsController#new as HTML
Completed 500 Internal Server Error in 6ms

ArgumentError (Unknown key: :length. Valid keys are: :on, :if, :unless, :prepend. Perhaps you meant to call `validates` instead of `validate`?):
  app/models/micropost.rb:2:in `<class:Micropost>'
  app/models/micropost.rb:1:in `<top (required)>'
  app/controllers/microposts_controller.rb:17:in `new'


  Rendered /home/pmgagin/.rvm/gems/ruby-2.2.0/gems/actionpack-4.2.0/lib/action_dispatch/middleware/templates/rescues/_source.erb (10.8ms)
  Rendered /home/pmgagin/.rvm/gems/ruby-2.2.0/gems/actionpack-4.2.0/lib/action_dispatch/middleware/templates/rescues/_trace.html.erb (5.8ms)
  Rendered /home/pmgagin/.rvm/gems/ruby-2.2.0/gems/actionpack-4.2.0/lib/action_dispatch/middleware/templates/rescues/_request_and_response.html.erb (1.7ms)
  Rendered /home/pmgagin/.rvm/gems/ruby-2.2.0/gems/actionpack-4.2.0/lib/action_dispatch/middleware/templates/rescues/diagnostics.html.erb within rescues/layout (38.5ms)
  Rendered /home/pmgagin/.rvm/gems/ruby-2.2.0/gems/web-console-2.1.2/lib/web_console/templates/_markup.html.erb (0.7ms)
  Rendered /home/pmgagin/.rvm/gems/ruby-2.2.0/gems/web-console-2.1.2/lib/web_console/templates/style.css.erb within layouts/inlined_string (0.6ms)
  Rendered /home/pmgagin/.rvm/gems/ruby-2.2.0/gems/web-console-2.1.2/lib/web_console/templates/_inner_console_markup.html.erb within layouts/inlined_string (0.7ms)
  Rendered /home/pmgagin/.rvm/gems/ruby-2.2.0/gems/web-console-2.1.2/lib/web_console/templates/_prompt_box_markup.html.erb within layouts/inlined_string (0.6ms)
  Rendered /home/pmgagin/.rvm/gems/ruby-2.2.0/gems/web-console-2.1.2/lib/web_console/templates/console.js.erb within layouts/javascript (25.2ms)
  Rendered /home/pmgagin/.rvm/gems/ruby-2.2.0/gems/web-console-2.1.2/lib/web_console/templates/main.js.erb within layouts/javascript (0.7ms)
  Rendered /home/pmgagin/.rvm/gems/ruby-2.2.0/gems/web-console-2.1.2/lib/web_console/templates/error_page.js.erb within layouts/javascript (0.8ms)
  Rendered /home/pmgagin/.rvm/gems/ruby-2.2.0/gems/web-console-2.1.2/lib/web_console/templates/index.html.erb (50.8ms)


Started GET "/microposts/new" for ::1 at 2015-03-26 16:02:59 -0700
Processing by MicropostsController#new as HTML
Completed 500 Internal Server Error in 6ms

ArgumentError (Range unspecified. Specify the :in, :within, :maximum, :minimum, or :is option.):
  app/models/micropost.rb:2:in `<class:Micropost>'
  app/models/micropost.rb:1:in `<top (required)>'
  app/controllers/microposts_controller.rb:17:in `new'


  Rendered /home/pmgagin/.rvm/gems/ruby-2.2.0/gems/actionpack-4.2.0/lib/action_dispatch/middleware/templates/rescues/_source.erb (20.1ms)
  Rendered /home/pmgagin/.rvm/gems/ruby-2.2.0/gems/actionpack-4.2.0/lib/action_dispatch/middleware/templates/rescues/_trace.html.erb (5.8ms)
  Rendered /home/pmgagin/.rvm/gems/ruby-2.2.0/gems/actionpack-4.2.0/lib/action_dispatch/middleware/templates/rescues/_request_and_response.html.erb (1.6ms)
  Rendered /home/pmgagin/.rvm/gems/ruby-2.2.0/gems/actionpack-4.2.0/lib/action_dispatch/middleware/templates/rescues/diagnostics.html.erb within rescues/layout (52.9ms)
  Rendered /home/pmgagin/.rvm/gems/ruby-2.2.0/gems/web-console-2.1.2/lib/web_console/templates/_markup.html.erb (0.7ms)
  Rendered /home/pmgagin/.rvm/gems/ruby-2.2.0/gems/web-console-2.1.2/lib/web_console/templates/style.css.erb within layouts/inlined_string (0.6ms)
  Rendered /home/pmgagin/.rvm/gems/ruby-2.2.0/gems/web-console-2.1.2/lib/web_console/templates/_inner_console_markup.html.erb within layouts/inlined_string (0.7ms)
  Rendered /home/pmgagin/.rvm/gems/ruby-2.2.0/gems/web-console-2.1.2/lib/web_console/templates/_prompt_box_markup.html.erb within layouts/inlined_string (0.6ms)
  Rendered /home/pmgagin/.rvm/gems/ruby-2.2.0/gems/web-console-2.1.2/lib/web_console/templates/console.js.erb within layouts/javascript (24.3ms)
  Rendered /home/pmgagin/.rvm/gems/ruby-2.2.0/gems/web-console-2.1.2/lib/web_console/templates/main.js.erb within layouts/javascript (0.6ms)
  Rendered /home/pmgagin/.rvm/gems/ruby-2.2.0/gems/web-console-2.1.2/lib/web_console/templates/error_page.js.erb within layouts/javascript (0.9ms)
  Rendered /home/pmgagin/.rvm/gems/ruby-2.2.0/gems/web-console-2.1.2/lib/web_console/templates/index.html.erb (50.1ms)


Started GET "/microposts/new" for ::1 at 2015-03-26 16:04:40 -0700
Processing by MicropostsController#new as HTML
Completed 500 Internal Server Error in 5ms

ArgumentError (Range unspecified. Specify the :in, :within, :maximum, :minimum, or :is option.):
  app/models/micropost.rb:2:in `<class:Micropost>'
  app/models/micropost.rb:1:in `<top (required)>'
  app/controllers/microposts_controller.rb:17:in `new'


  Rendered /home/pmgagin/.rvm/gems/ruby-2.2.0/gems/actionpack-4.2.0/lib/action_dispatch/middleware/templates/rescues/_source.erb (12.4ms)
  Rendered /home/pmgagin/.rvm/gems/ruby-2.2.0/gems/actionpack-4.2.0/lib/action_dispatch/middleware/templates/rescues/_trace.html.erb (5.2ms)
  Rendered /home/pmgagin/.rvm/gems/ruby-2.2.0/gems/actionpack-4.2.0/lib/action_dispatch/middleware/templates/rescues/_request_and_response.html.erb (1.6ms)
  Rendered /home/pmgagin/.rvm/gems/ruby-2.2.0/gems/actionpack-4.2.0/lib/action_dispatch/middleware/templates/rescues/diagnostics.html.erb within rescues/layout (39.9ms)
  Rendered /home/pmgagin/.rvm/gems/ruby-2.2.0/gems/web-console-2.1.2/lib/web_console/templates/_markup.html.erb (0.7ms)
  Rendered /home/pmgagin/.rvm/gems/ruby-2.2.0/gems/web-console-2.1.2/lib/web_console/templates/style.css.erb within layouts/inlined_string (0.7ms)
  Rendered /home/pmgagin/.rvm/gems/ruby-2.2.0/gems/web-console-2.1.2/lib/web_console/templates/_inner_console_markup.html.erb within layouts/inlined_string (0.5ms)
  Rendered /home/pmgagin/.rvm/gems/ruby-2.2.0/gems/web-console-2.1.2/lib/web_console/templates/_prompt_box_markup.html.erb within layouts/inlined_string (0.6ms)
  Rendered /home/pmgagin/.rvm/gems/ruby-2.2.0/gems/web-console-2.1.2/lib/web_console/templates/console.js.erb within layouts/javascript (25.8ms)
  Rendered /home/pmgagin/.rvm/gems/ruby-2.2.0/gems/web-console-2.1.2/lib/web_console/templates/main.js.erb within layouts/javascript (0.7ms)
  Rendered /home/pmgagin/.rvm/gems/ruby-2.2.0/gems/web-console-2.1.2/lib/web_console/templates/error_page.js.erb within layouts/javascript (0.8ms)
  Rendered /home/pmgagin/.rvm/gems/ruby-2.2.0/gems/web-console-2.1.2/lib/web_console/templates/index.html.erb (51.1ms)


Started GET "/microposts" for ::1 at 2015-03-26 16:04:46 -0700
Processing by MicropostsController#index as HTML
Completed 500 Internal Server Error in 6ms

ArgumentError (Range unspecified. Specify the :in, :within, :maximum, :minimum, or :is option.):
  app/models/micropost.rb:2:in `<class:Micropost>'
  app/models/micropost.rb:1:in `<top (required)>'
  app/controllers/microposts_controller.rb:7:in `index'


  Rendered /home/pmgagin/.rvm/gems/ruby-2.2.0/gems/actionpack-4.2.0/lib/action_dispatch/middleware/templates/rescues/_source.erb (13.6ms)
  Rendered /home/pmgagin/.rvm/gems/ruby-2.2.0/gems/actionpack-4.2.0/lib/action_dispatch/middleware/templates/rescues/_trace.html.erb (6.3ms)
  Rendered /home/pmgagin/.rvm/gems/ruby-2.2.0/gems/actionpack-4.2.0/lib/action_dispatch/middleware/templates/rescues/_request_and_response.html.erb (4.7ms)
  Rendered /home/pmgagin/.rvm/gems/ruby-2.2.0/gems/actionpack-4.2.0/lib/action_dispatch/middleware/templates/rescues/diagnostics.html.erb within rescues/layout (48.1ms)
  Rendered /home/pmgagin/.rvm/gems/ruby-2.2.0/gems/web-console-2.1.2/lib/web_console/templates/_markup.html.erb (0.7ms)
  Rendered /home/pmgagin/.rvm/gems/ruby-2.2.0/gems/web-console-2.1.2/lib/web_console/templates/style.css.erb within layouts/inlined_string (0.8ms)
  Rendered /home/pmgagin/.rvm/gems/ruby-2.2.0/gems/web-console-2.1.2/lib/web_console/templates/_inner_console_markup.html.erb within layouts/inlined_string (0.6ms)
  Rendered /home/pmgagin/.rvm/gems/ruby-2.2.0/gems/web-console-2.1.2/lib/web_console/templates/_prompt_box_markup.html.erb within layouts/inlined_string (0.6ms)
  Rendered /home/pmgagin/.rvm/gems/ruby-2.2.0/gems/web-console-2.1.2/lib/web_console/templates/console.js.erb within layouts/javascript (32.0ms)
  Rendered /home/pmgagin/.rvm/gems/ruby-2.2.0/gems/web-console-2.1.2/lib/web_console/templates/main.js.erb within layouts/javascript (0.7ms)
  Rendered /home/pmgagin/.rvm/gems/ruby-2.2.0/gems/web-console-2.1.2/lib/web_console/templates/error_page.js.erb within layouts/javascript (0.8ms)
  Rendered /home/pmgagin/.rvm/gems/ruby-2.2.0/gems/web-console-2.1.2/lib/web_console/templates/index.html.erb (70.1ms)


Started GET "/microposts" for ::1 at 2015-03-26 16:05:30 -0700
Processing by MicropostsController#index as HTML
Completed 500 Internal Server Error in 45ms

ArgumentError (Range unspecified. Specify the :in, :within, :maximum, :minimum, or :is option.):
  app/models/micropost.rb:3:in `<class:Micropost>'
  app/models/micropost.rb:1:in `<top (required)>'
  app/controllers/microposts_controller.rb:7:in `index'


  Rendered /home/pmgagin/.rvm/gems/ruby-2.2.0/gems/actionpack-4.2.0/lib/action_dispatch/middleware/templates/rescues/_source.erb (14.9ms)
  Rendered /home/pmgagin/.rvm/gems/ruby-2.2.0/gems/actionpack-4.2.0/lib/action_dispatch/middleware/templates/rescues/_trace.html.erb (11.2ms)
  Rendered /home/pmgagin/.rvm/gems/ruby-2.2.0/gems/actionpack-4.2.0/lib/action_dispatch/middleware/templates/rescues/_request_and_response.html.erb (2.6ms)
  Rendered /home/pmgagin/.rvm/gems/ruby-2.2.0/gems/actionpack-4.2.0/lib/action_dispatch/middleware/templates/rescues/diagnostics.html.erb within rescues/layout (51.1ms)
  Rendered /home/pmgagin/.rvm/gems/ruby-2.2.0/gems/web-console-2.1.2/lib/web_console/templates/_markup.html.erb (1.2ms)
  Rendered /home/pmgagin/.rvm/gems/ruby-2.2.0/gems/web-console-2.1.2/lib/web_console/templates/style.css.erb within layouts/inlined_string (1.0ms)
  Rendered /home/pmgagin/.rvm/gems/ruby-2.2.0/gems/web-console-2.1.2/lib/web_console/templates/_inner_console_markup.html.erb within layouts/inlined_string (0.6ms)
  Rendered /home/pmgagin/.rvm/gems/ruby-2.2.0/gems/web-console-2.1.2/lib/web_console/templates/_prompt_box_markup.html.erb within layouts/inlined_string (0.7ms)
  Rendered /home/pmgagin/.rvm/gems/ruby-2.2.0/gems/web-console-2.1.2/lib/web_console/templates/console.js.erb within layouts/javascript (28.8ms)
  Rendered /home/pmgagin/.rvm/gems/ruby-2.2.0/gems/web-console-2.1.2/lib/web_console/templates/main.js.erb within layouts/javascript (0.6ms)
  Rendered /home/pmgagin/.rvm/gems/ruby-2.2.0/gems/web-console-2.1.2/lib/web_console/templates/error_page.js.erb within layouts/javascript (0.7ms)
  Rendered /home/pmgagin/.rvm/gems/ruby-2.2.0/gems/web-console-2.1.2/lib/web_console/templates/index.html.erb (59.3ms)


Started GET "/microposts" for ::1 at 2015-03-26 16:07:25 -0700
Processing by MicropostsController#index as HTML
  [1m[35mMicropost Load (0.4ms)[0m  SELECT `microposts`.* FROM `microposts`
  Rendered microposts/index.html.erb within layouts/application (15.6ms)
Completed 200 OK in 171ms (Views: 160.4ms | ActiveRecord: 2.5ms)


Started GET "/assets/microposts-64e62ddc273c2f5847f30d698ca14b67.css?body=1" for ::1 at 2015-03-26 16:07:25 -0700


Started GET "/assets/scaffolds-c5350a0b06b2055264474841764adf60.css?body=1" for ::1 at 2015-03-26 16:07:25 -0700


Started GET "/assets/application-61524d67267bd3c3400937eea1885d0a.css?body=1" for ::1 at 2015-03-26 16:07:25 -0700


Started GET "/assets/users-64e62ddc273c2f5847f30d698ca14b67.css?body=1" for ::1 at 2015-03-26 16:07:25 -0700


Started GET "/assets/jquery_ujs-e27bd20a10d28155845a22d71ef94f2f.js?body=1" for ::1 at 2015-03-26 16:07:25 -0700


Started GET "/assets/turbolinks-f87b3583ca50adb0488b031297f5580d.js?body=1" for ::1 at 2015-03-26 16:07:25 -0700


Started GET "/assets/jquery-87424c3c19e96d4fb033c10ebe21ec40.js?body=1" for ::1 at 2015-03-26 16:07:25 -0700


Started GET "/assets/microposts-fcec5b5a277ac7c20cc9f45a209a3bcd.js?body=1" for ::1 at 2015-03-26 16:07:25 -0700


Started GET "/assets/application-d5dd9df895e734baa4e6c45e5b5415a9.js?body=1" for ::1 at 2015-03-26 16:07:25 -0700


Started GET "/assets/users-fcec5b5a277ac7c20cc9f45a209a3bcd.js?body=1" for ::1 at 2015-03-26 16:07:25 -0700


Started GET "/microposts/new" for ::1 at 2015-03-26 16:07:31 -0700
Processing by MicropostsController#new as HTML
  Rendered microposts/_form.html.erb (3.6ms)
  Rendered microposts/new.html.erb within layouts/application (5.1ms)
Completed 200 OK in 93ms (Views: 91.8ms | ActiveRecord: 0.0ms)


Started POST "/microposts" for ::1 at 2015-03-26 16:07:59 -0700
Processing by MicropostsController#create as HTML
  Parameters: {"utf8"=>"✓", "authenticity_token"=>"UUR4DxttyHVelik1UoNX3MXIcXdt6qUstVWNR4h4as0KWYUNIFKkEZNxnt/psASNLB3QkEfFQcTZW+Vf7Ei9/g==", "micropost"=>{"content"=>"In Chapter 11 and Chapter 12, we will use the association of users and microposts both to display all of a user’s microposts and to construct a Twitter-like micropost feed. For now, we can examine the implications of the user-micropost association by using the console, which is a useful tool for interacting with Rails applications. We first invoke the console with rails console at the command line, and then retrieve the first user from the database using User.first", "user_id"=>"1"}, "commit"=>"Create Micropost"}
  [1m[36mSQL (0.2ms)[0m  [1mBEGIN[0m
  [1m[35m (0.4ms)[0m  ROLLBACK
  Rendered microposts/_form.html.erb (8.0ms)
  Rendered microposts/new.html.erb within layouts/application (10.3ms)
Completed 200 OK in 104ms (Views: 94.0ms | ActiveRecord: 0.6ms)


Started GET "/microposts" for ::1 at 2015-03-26 16:08:27 -0700
Processing by MicropostsController#index as HTML
  [1m[36mMicropost Load (0.4ms)[0m  [1mSELECT `microposts`.* FROM `microposts`[0m
  Rendered microposts/index.html.erb within layouts/application (7.2ms)
Completed 200 OK in 99ms (Views: 97.3ms | ActiveRecord: 0.4ms)
